#! /usr/bin/vvp
:ivl_version "10.3 (stable)";
:ivl_delay_selection "TYPICAL";
:vpi_time_precision - 12;
:vpi_module "system";
:vpi_module "vhdl_sys";
:vpi_module "v2005_math";
:vpi_module "va_math";
S_0x564f0594d0f0 .scope module, "tb_dvsd_cmp" "tb_dvsd_cmp" 2 7;
 .timescale -9 -12;
v0x564f0599fda0_0 .var "A_in", 3 0;
v0x564f0599fe80_0 .var "B_in", 3 0;
v0x564f0599ff50_0 .net "equal_to", 0 0, v0x564f0599fa60_0;  1 drivers
v0x564f059a0050_0 .net "greater_than", 0 0, v0x564f0599fb30_0;  1 drivers
v0x564f059a0120_0 .net "less_than", 0 0, v0x564f0599fbf0_0;  1 drivers
S_0x564f0594d270 .scope module, "uut" "dvsd_cmp" 2 20, 3 5 0, S_0x564f0594d0f0;
 .timescale -9 -12;
    .port_info 0 /INPUT 4 "A_in"
    .port_info 1 /INPUT 4 "B_in"
    .port_info 2 /OUTPUT 1 "less_than"
    .port_info 3 /OUTPUT 1 "equal_to"
    .port_info 4 /OUTPUT 1 "greater_than"
v0x564f0598a6e0_0 .net "A_in", 3 0, v0x564f0599fda0_0;  1 drivers
v0x564f0599f980_0 .net "B_in", 3 0, v0x564f0599fe80_0;  1 drivers
v0x564f0599fa60_0 .var "equal_to", 0 0;
v0x564f0599fb30_0 .var "greater_than", 0 0;
v0x564f0599fbf0_0 .var "less_than", 0 0;
E_0x564f0598b1f0 .event edge, v0x564f0599f980_0, v0x564f0598a6e0_0;
    .scope S_0x564f0594d270;
T_0 ;
    %wait E_0x564f0598b1f0;
    %load/vec4 v0x564f0599f980_0;
    %load/vec4 v0x564f0598a6e0_0;
    %cmp/u;
    %jmp/0xz  T_0.0, 5;
    %pushi/vec4 0, 0, 1;
    %store/vec4 v0x564f0599fbf0_0, 0, 1;
    %pushi/vec4 0, 0, 1;
    %store/vec4 v0x564f0599fa60_0, 0, 1;
    %pushi/vec4 1, 0, 1;
    %store/vec4 v0x564f0599fb30_0, 0, 1;
    %jmp T_0.1;
T_0.0 ;
    %load/vec4 v0x564f0598a6e0_0;
    %load/vec4 v0x564f0599f980_0;
    %cmp/e;
    %jmp/0xz  T_0.2, 4;
    %pushi/vec4 0, 0, 1;
    %store/vec4 v0x564f0599fbf0_0, 0, 1;
    %pushi/vec4 1, 0, 1;
    %store/vec4 v0x564f0599fa60_0, 0, 1;
    %pushi/vec4 0, 0, 1;
    %store/vec4 v0x564f0599fb30_0, 0, 1;
    %jmp T_0.3;
T_0.2 ;
    %pushi/vec4 1, 0, 1;
    %store/vec4 v0x564f0599fbf0_0, 0, 1;
    %pushi/vec4 0, 0, 1;
    %store/vec4 v0x564f0599fa60_0, 0, 1;
    %pushi/vec4 0, 0, 1;
    %store/vec4 v0x564f0599fb30_0, 0, 1;
T_0.3 ;
T_0.1 ;
    %jmp T_0;
    .thread T_0, $push;
    .scope S_0x564f0594d0f0;
T_1 ;
    %vpi_call 2 30 "$dumpfile", "tb_dvsd_cmp.vcd" {0 0 0};
    %vpi_call 2 31 "$dumpvars", 32'sb00000000000000000000000000000000, S_0x564f0594d0f0 {0 0 0};
    %pushi/vec4 8, 0, 4;
    %store/vec4 v0x564f0599fda0_0, 0, 4;
    %pushi/vec4 9, 0, 4;
    %store/vec4 v0x564f0599fe80_0, 0, 4;
    %delay 100000, 0;
    %pushi/vec4 10, 0, 4;
    %store/vec4 v0x564f0599fda0_0, 0, 4;
    %pushi/vec4 6, 0, 4;
    %store/vec4 v0x564f0599fe80_0, 0, 4;
    %delay 100000, 0;
    %pushi/vec4 2, 0, 4;
    %store/vec4 v0x564f0599fda0_0, 0, 4;
    %pushi/vec4 2, 0, 4;
    %store/vec4 v0x564f0599fe80_0, 0, 4;
    %delay 100000, 0;
    %pushi/vec4 15, 0, 4;
    %store/vec4 v0x564f0599fda0_0, 0, 4;
    %pushi/vec4 14, 0, 4;
    %store/vec4 v0x564f0599fe80_0, 0, 4;
    %delay 100000, 0;
    %pushi/vec4 3, 0, 4;
    %store/vec4 v0x564f0599fda0_0, 0, 4;
    %pushi/vec4 7, 0, 4;
    %store/vec4 v0x564f0599fe80_0, 0, 4;
    %delay 100000, 0;
    %pushi/vec4 11, 0, 4;
    %store/vec4 v0x564f0599fda0_0, 0, 4;
    %pushi/vec4 13, 0, 4;
    %store/vec4 v0x564f0599fe80_0, 0, 4;
    %delay 100000, 0;
    %pushi/vec4 7, 0, 4;
    %store/vec4 v0x564f0599fda0_0, 0, 4;
    %pushi/vec4 7, 0, 4;
    %store/vec4 v0x564f0599fe80_0, 0, 4;
    %delay 100000, 0;
    %pushi/vec4 1, 0, 4;
    %store/vec4 v0x564f0599fda0_0, 0, 4;
    %pushi/vec4 12, 0, 4;
    %store/vec4 v0x564f0599fe80_0, 0, 4;
    %delay 100000, 0;
    %pushi/vec4 5, 0, 4;
    %store/vec4 v0x564f0599fda0_0, 0, 4;
    %pushi/vec4 4, 0, 4;
    %store/vec4 v0x564f0599fe80_0, 0, 4;
    %delay 100000, 0;
    %pushi/vec4 14, 0, 4;
    %store/vec4 v0x564f0599fda0_0, 0, 4;
    %pushi/vec4 9, 0, 4;
    %store/vec4 v0x564f0599fe80_0, 0, 4;
    %delay 100000, 0;
    %pushi/vec4 0, 0, 4;
    %store/vec4 v0x564f0599fda0_0, 0, 4;
    %pushi/vec4 0, 0, 4;
    %store/vec4 v0x564f0599fe80_0, 0, 4;
    %delay 100000, 0;
    %pushi/vec4 12, 0, 4;
    %store/vec4 v0x564f0599fda0_0, 0, 4;
    %pushi/vec4 11, 0, 4;
    %store/vec4 v0x564f0599fe80_0, 0, 4;
    %delay 100000, 0;
    %pushi/vec4 8, 0, 4;
    %store/vec4 v0x564f0599fda0_0, 0, 4;
    %pushi/vec4 9, 0, 4;
    %store/vec4 v0x564f0599fe80_0, 0, 4;
    %delay 100000, 0;
    %pushi/vec4 10, 0, 4;
    %store/vec4 v0x564f0599fda0_0, 0, 4;
    %pushi/vec4 6, 0, 4;
    %store/vec4 v0x564f0599fe80_0, 0, 4;
    %delay 100000, 0;
    %pushi/vec4 2, 0, 4;
    %store/vec4 v0x564f0599fda0_0, 0, 4;
    %pushi/vec4 2, 0, 4;
    %store/vec4 v0x564f0599fe80_0, 0, 4;
    %delay 100000, 0;
    %pushi/vec4 15, 0, 4;
    %store/vec4 v0x564f0599fda0_0, 0, 4;
    %pushi/vec4 14, 0, 4;
    %store/vec4 v0x564f0599fe80_0, 0, 4;
    %delay 100000, 0;
    %pushi/vec4 3, 0, 4;
    %store/vec4 v0x564f0599fda0_0, 0, 4;
    %pushi/vec4 7, 0, 4;
    %store/vec4 v0x564f0599fe80_0, 0, 4;
    %delay 100000, 0;
    %pushi/vec4 11, 0, 4;
    %store/vec4 v0x564f0599fda0_0, 0, 4;
    %pushi/vec4 13, 0, 4;
    %store/vec4 v0x564f0599fe80_0, 0, 4;
    %delay 100000, 0;
    %pushi/vec4 7, 0, 4;
    %store/vec4 v0x564f0599fda0_0, 0, 4;
    %pushi/vec4 7, 0, 4;
    %store/vec4 v0x564f0599fe80_0, 0, 4;
    %delay 100000, 0;
    %pushi/vec4 1, 0, 4;
    %store/vec4 v0x564f0599fda0_0, 0, 4;
    %pushi/vec4 12, 0, 4;
    %store/vec4 v0x564f0599fe80_0, 0, 4;
    %delay 100000, 0;
    %pushi/vec4 5, 0, 4;
    %store/vec4 v0x564f0599fda0_0, 0, 4;
    %pushi/vec4 4, 0, 4;
    %store/vec4 v0x564f0599fe80_0, 0, 4;
    %delay 100000, 0;
    %pushi/vec4 14, 0, 4;
    %store/vec4 v0x564f0599fda0_0, 0, 4;
    %pushi/vec4 9, 0, 4;
    %store/vec4 v0x564f0599fe80_0, 0, 4;
    %delay 100000, 0;
    %pushi/vec4 0, 0, 4;
    %store/vec4 v0x564f0599fda0_0, 0, 4;
    %pushi/vec4 0, 0, 4;
    %store/vec4 v0x564f0599fe80_0, 0, 4;
    %delay 100000, 0;
    %pushi/vec4 12, 0, 4;
    %store/vec4 v0x564f0599fda0_0, 0, 4;
    %pushi/vec4 11, 0, 4;
    %store/vec4 v0x564f0599fe80_0, 0, 4;
    %delay 100000, 0;
    %end;
    .thread T_1;
# The file index is used to find the file name in the following table.
:file_names 4;
    "N/A";
    "<interactive>";
    "tb_dvsd_cmp.v";
    "dvsd_cmp.v";
